<?xml version="1.0" encoding="UTF-8"?>
<!-- Generated by org.testng.reporters.JUnitReportReporter -->
<testsuite skipped="0" hostname="Aaryan" name="com.capgi.seleniumsimple.TestDemo" tests="1" failures="0" timestamp="16 Jan 2020 10:30:18 GMT" time="26.140" errors="0">
  <testcase name="demo1" time="26.140" classname="com.capgi.seleniumsimple.TestDemo"/>
</testsuite> <!-- com.capgi.seleniumsimple.TestDemo -->
