<?xml version="1.0" encoding="UTF-8"?>
<!-- Generated by org.testng.reporters.JUnitReportReporter -->
<testsuite skipped="0" hostname="Aaryan" name="com.capgi.testngcases.TestDemo2" tests="2" failures="0" timestamp="16 Jan 2020 11:42:50 GMT" time="44.835" errors="0">
  <testcase name="demo2" time="26.279" classname="com.capgi.testngcases.TestDemo2"/>
  <testcase name="demo3" time="18.556" classname="com.capgi.testngcases.TestDemo2"/>
</testsuite> <!-- com.capgi.testngcases.TestDemo2 -->
