<?xml version="1.0" encoding="UTF-8"?>
<!-- Generated by org.testng.reporters.JUnitReportReporter -->
<testsuite skipped="0" hostname="Aaryan" name="com.capgi.testngcases.TestDemo" tests="2" failures="0" timestamp="16 Jan 2020 11:43:17 GMT" time="37.766" errors="0">
  <testcase name="demo3" time="16.110" classname="com.capgi.testngcases.TestDemo"/>
  <testcase name="demo1" time="21.656" classname="com.capgi.testngcases.TestDemo"/>
</testsuite> <!-- com.capgi.testngcases.TestDemo -->
