<?xml version="1.0" encoding="UTF-8"?>
<!-- Generated by org.testng.reporters.JUnitReportReporter -->
<testsuite skipped="0" hostname="Aaryan" name="com.capgi.suitetestclasses.BaseTestClass" tests="1" failures="0" timestamp="16 Jan 2020 12:20:21 GMT" time="29.742" errors="0">
  <testcase name="testMethod" time="29.742" classname="com.capgi.suitetestclasses.BaseTestClass"/>
</testsuite> <!-- com.capgi.suitetestclasses.BaseTestClass -->
